PRT1
0
26
4 0 0 (-1952 -544 0) (-1952 -544 16) (-2378.9146040768683 -544 16) (-2378.9146040768683 -544 0) 
4 0 0 (-1952 -542.3919189858284 0) (-1952 -544 0) (-1952 -544 16) (-1952 -542.3919189858284 16) 
3 0 0 (-1952 -544 0) (-1952 -542.3919189858284 0) (-1950.391918985828 -544 0) 
4 0 0 (-1952 -544 -40) (-1936 -544 -40) (-1936 -544 -16) (-1952 -544 -16) 
4 0 0 (-1952 -560 -40) (-1936 -560 -40) (-1936 -560 -16) (-1952 -560 -16) 
4 0 0 (-1952 -704 -40) (-1936 -704 -40) (-1936 -704 -16) (-1952 -704 -16) 
4 0 0 (-1952 -772.6862915027801 -40) (40 -772.6862915027801 -40) (40 -772.6862915027801 -16) (-1952 -772.6862915027801 -16) 
4 0 0 (-2576 -848 -40) (40 -848 -40) (40 -848 -16) (-2576 -848 -16) 
4 0 0 (-2576 -864 -16) (-2576 -864 -40) (40 -864 -40) (40 -864 -16) 
4 0 0 (-2576 -880 -16) (-2576 -880 -40) (40 -880 -40) (40 -880 -16) 
4 0 0 (-2576 -918.6274169979692 -40) (40 -918.6274169979692 -40) (40 -918.6274169979692 -16) (-2576 -918.6274169979692 -16) 
4 0 0 (-2576 -992 -40) (40 -992 -40) (40 -992 -16) (-2576 -992 -16) 
4 0 0 (-2576 -1536 -40) (-1952 -1536 -40) (-1952 -1536 -16) (-2576 -1536 -16) 
4 0 0 (-3488 -1680 -40) (-1952 -1680 -40) (-1952 -1680 -16) (-3488 -1680 -16) 
4 0 0 (-3488 -1744 -40) (-1952 -1744 -40) (-1952 -1744 -16) (-3488 -1744 -16) 
4 0 0 (-3504 -1808 -40) (-3472 -1808 -40) (-3472 -1808 -16) (-3504 -1808 -16) 
4 0 0 (-4600 -1840 -16) (-4600 -1840 -40) (-3472 -1840 -40) (-3472 -1840 -16) 
4 0 0 (-4600 -1856 -16) (-4600 -1856 -40) (-3472 -1856 -40) (-3472 -1856 -16) 
4 0 0 (-4600 -1872 -16) (-4600 -1872 -40) (-3488 -1872 -40) (-3488 -1872 -16) 
4 0 0 (-4600 -1892.6862915010156 -16) (-4600 -1892.6862915010156 -40) (-3488 -1892.6862915010156 -40) (-3488 -1892.6862915010156 -16) 
4 0 0 (-4600 -1904 -16) (-4600 -1904 -40) (-4576 -1904 -40) (-4576 -1904 -16) 
4 0 0 (-4600 -1915.3137084989573 936) (-4600 -1915.3137084989573 -40) (-4576 -1915.3137084989573 -40) (-4576 -1915.3137084989573 936) 
4 0 0 (-4600 -1937.9411254969825 936) (-4600 -1937.9411254969825 -40) (-4576 -1937.9411254969825 -40) (-4576 -1937.9411254969825 936) 
4 0 0 (-4600 -1956.6862915009594 936) (-4600 -1956.6862915009594 -40) (-4576 -1956.6862915009594 -40) (-4576 -1956.6862915009594 936) 
4 0 0 (-4600 -2048 -16) (-4600 -2048 -40) (-4576 -2048 -40) (-4576 -2048 -16) 
4 0 0 (-4600 -2064 -16) (-4600 -2064 -40) (-4560 -2064 -40) (-4560 -2064 -16) 
